<?xml version="1.0" encoding="UTF-8"?>
<testsuite name="org.dell.kube.pages.PagesApplicationTests" tests="1" skipped="0" failures="0" errors="0" timestamp="2021-08-09T09:36:55" hostname="lin01" time="0.219">
  <properties/>
  <testcase name="contextLoads()" classname="org.dell.kube.pages.PagesApplicationTests" time="0.219"/>
  <system-out><![CDATA[10:36:53.908 [Test worker] DEBUG org.springframework.test.context.BootstrapUtils - Instantiating CacheAwareContextLoaderDelegate from class [org.springframework.test.context.cache.DefaultCacheAwareContextLoaderDelegate]
10:36:53.917 [Test worker] DEBUG org.springframework.test.context.BootstrapUtils - Instantiating BootstrapContext using constructor [public org.springframework.test.context.support.DefaultBootstrapContext(java.lang.Class,org.springframework.test.context.CacheAwareContextLoaderDelegate)]
10:36:53.943 [Test worker] DEBUG org.springframework.test.context.BootstrapUtils - Instantiating TestContextBootstrapper for test class [org.dell.kube.pages.PagesApplicationTests] from class [org.springframework.boot.test.context.SpringBootTestContextBootstrapper]
10:36:53.950 [Test worker] INFO org.springframework.boot.test.context.SpringBootTestContextBootstrapper - Neither @ContextConfiguration nor @ContextHierarchy found for test class [org.dell.kube.pages.PagesApplicationTests], using SpringBootContextLoader
10:36:53.953 [Test worker] DEBUG org.springframework.test.context.support.AbstractContextLoader - Did not detect default resource location for test class [org.dell.kube.pages.PagesApplicationTests]: class path resource [org/dell/kube/pages/PagesApplicationTests-context.xml] does not exist
10:36:53.953 [Test worker] DEBUG org.springframework.test.context.support.AbstractContextLoader - Did not detect default resource location for test class [org.dell.kube.pages.PagesApplicationTests]: class path resource [org/dell/kube/pages/PagesApplicationTestsContext.groovy] does not exist
10:36:53.954 [Test worker] INFO org.springframework.test.context.support.AbstractContextLoader - Could not detect default resource locations for test class [org.dell.kube.pages.PagesApplicationTests]: no resource found for suffixes {-context.xml, Context.groovy}.
10:36:53.954 [Test worker] INFO org.springframework.test.context.support.AnnotationConfigContextLoaderUtils - Could not detect default configuration classes for test class [org.dell.kube.pages.PagesApplicationTests]: PagesApplicationTests does not declare any static, non-private, non-final, nested classes annotated with @Configuration.
10:36:53.984 [Test worker] DEBUG org.springframework.test.context.support.ActiveProfilesUtils - Could not find an 'annotation declaring class' for annotation type [org.springframework.test.context.ActiveProfiles] and class [org.dell.kube.pages.PagesApplicationTests]
10:36:54.029 [Test worker] DEBUG org.springframework.context.annotation.ClassPathScanningCandidateComponentProvider - Identified candidate component class: file [/home/student/workspace/pages/build/classes/java/main/org/dell/kube/pages/PagesApplication.class]
10:36:54.029 [Test worker] INFO org.springframework.boot.test.context.SpringBootTestContextBootstrapper - Found @SpringBootConfiguration org.dell.kube.pages.PagesApplication for test class org.dell.kube.pages.PagesApplicationTests
10:36:54.124 [Test worker] DEBUG org.springframework.boot.test.context.SpringBootTestContextBootstrapper - @TestExecutionListeners is not present for class [org.dell.kube.pages.PagesApplicationTests]: using defaults.
10:36:54.124 [Test worker] INFO org.springframework.boot.test.context.SpringBootTestContextBootstrapper - Loaded default TestExecutionListener class names from location [META-INF/spring.factories]: [org.springframework.boot.test.autoconfigure.restdocs.RestDocsTestExecutionListener, org.springframework.boot.test.autoconfigure.web.client.MockRestServiceServerResetTestExecutionListener, org.springframework.boot.test.autoconfigure.web.servlet.MockMvcPrintOnlyOnFailureTestExecutionListener, org.springframework.boot.test.autoconfigure.web.servlet.WebDriverTestExecutionListener, org.springframework.boot.test.autoconfigure.webservices.client.MockWebServiceServerTestExecutionListener, org.springframework.boot.test.mock.mockito.MockitoTestExecutionListener, org.springframework.boot.test.mock.mockito.ResetMocksTestExecutionListener, org.springframework.test.context.web.ServletTestExecutionListener, org.springframework.test.context.support.DirtiesContextBeforeModesTestExecutionListener, org.springframework.test.context.event.ApplicationEventsTestExecutionListener, org.springframework.test.context.support.DependencyInjectionTestExecutionListener, org.springframework.test.context.support.DirtiesContextTestExecutionListener, org.springframework.test.context.transaction.TransactionalTestExecutionListener, org.springframework.test.context.jdbc.SqlScriptsTestExecutionListener, org.springframework.test.context.event.EventPublishingTestExecutionListener]
10:36:54.132 [Test worker] DEBUG org.springframework.boot.test.context.SpringBootTestContextBootstrapper - Skipping candidate TestExecutionListener [org.springframework.test.context.transaction.TransactionalTestExecutionListener] due to a missing dependency. Specify custom listener classes or make the default listener classes and their required dependencies available. Offending class: [org/springframework/transaction/interceptor/TransactionAttributeSource]
10:36:54.133 [Test worker] DEBUG org.springframework.boot.test.context.SpringBootTestContextBootstrapper - Skipping candidate TestExecutionListener [org.springframework.test.context.jdbc.SqlScriptsTestExecutionListener] due to a missing dependency. Specify custom listener classes or make the default listener classes and their required dependencies available. Offending class: [org/springframework/transaction/interceptor/TransactionAttribute]
10:36:54.133 [Test worker] INFO org.springframework.boot.test.context.SpringBootTestContextBootstrapper - Using TestExecutionListeners: [org.springframework.test.context.web.ServletTestExecutionListener@5025b538, org.springframework.test.context.support.DirtiesContextBeforeModesTestExecutionListener@30d52a91, org.springframework.test.context.event.ApplicationEventsTestExecutionListener@2a956fc1, org.springframework.boot.test.mock.mockito.MockitoTestExecutionListener@6aa6a6e3, org.springframework.boot.test.autoconfigure.SpringBootDependencyInjectionTestExecutionListener@175752fa, org.springframework.test.context.support.DirtiesContextTestExecutionListener@ecf7323, org.springframework.test.context.event.EventPublishingTestExecutionListener@f25fe5c, org.springframework.boot.test.autoconfigure.restdocs.RestDocsTestExecutionListener@50ebd0e5, org.springframework.boot.test.autoconfigure.web.client.MockRestServiceServerResetTestExecutionListener@7d869880, org.springframework.boot.test.autoconfigure.web.servlet.MockMvcPrintOnlyOnFailureTestExecutionListener@8a5ba78, org.springframework.boot.test.autoconfigure.web.servlet.WebDriverTestExecutionListener@2852622e, org.springframework.boot.test.autoconfigure.webservices.client.MockWebServiceServerTestExecutionListener@2630e339, org.springframework.boot.test.mock.mockito.ResetMocksTestExecutionListener@6fbb2de7]
10:36:54.135 [Test worker] DEBUG org.springframework.test.context.support.AbstractDirtiesContextTestExecutionListener - Before test class: context [DefaultTestContext@63cb5f49 testClass = PagesApplicationTests, testInstance = [null], testMethod = [null], testException = [null], mergedContextConfiguration = [WebMergedContextConfiguration@1f22e4ac testClass = PagesApplicationTests, locations = '{}', classes = '{class org.dell.kube.pages.PagesApplication}', contextInitializerClasses = '[]', activeProfiles = '{}', propertySourceLocations = '{}', propertySourceProperties = '{org.springframework.boot.test.context.SpringBootTestContextBootstrapper=true}', contextCustomizers = set[org.springframework.boot.test.autoconfigure.actuate.metrics.MetricsExportContextCustomizerFactory$DisableMetricExportContextCustomizer@e17514, org.springframework.boot.test.autoconfigure.properties.PropertyMappingContextCustomizer@0, org.springframework.boot.test.autoconfigure.web.servlet.WebDriverContextCustomizerFactory$Customizer@778f9a72, org.springframework.boot.test.context.filter.ExcludeFilterContextCustomizer@5a5915e7, org.springframework.boot.test.json.DuplicateJsonObjectContextCustomizerFactory$DuplicateJsonObjectContextCustomizer@d18c4b3, org.springframework.boot.test.mock.mockito.MockitoContextCustomizer@0, org.springframework.boot.test.web.client.TestRestTemplateContextCustomizer@360f8bd5, org.springframework.boot.test.context.SpringBootTestArgs@1, org.springframework.boot.test.context.SpringBootTestWebEnvironment@c6825ff], resourceBasePath = 'src/main/webapp', contextLoader = 'org.springframework.boot.test.context.SpringBootContextLoader', parent = [null]], attributes = map['org.springframework.test.context.web.ServletTestExecutionListener.activateListener' -> true]], class annotated with @DirtiesContext [false] with mode [null].
10:36:54.158 [Test worker] DEBUG org.springframework.test.context.support.TestPropertySourceUtils - Adding inlined properties to environment: {spring.jmx.enabled=false, org.springframework.boot.test.context.SpringBootTestContextBootstrapper=true}

  .   ____          _            __ _ _
 /\\ / ___'_ __ _ _(_)_ __  __ _ \ \ \ \
( ( )\___ | '_ | '_| | '_ \/ _` | \ \ \ \
 \\/  ___)| |_)| | | | | || (_| |  ) ) ) )
  '  |____| .__|_| |_|_| |_\__, | / / / /
 =========|_|==============|___/=/_/_/_/
 :: Spring Boot ::                (v2.5.3)

2021-08-09 10:36:54.361  INFO 15131 --- [    Test worker] o.dell.kube.pages.PagesApplicationTests  : Starting PagesApplicationTests using Java 11.0.11 on lin01 with PID 15131 (started by student in /home/student/workspace/pages)
2021-08-09 10:36:54.363  INFO 15131 --- [    Test worker] o.dell.kube.pages.PagesApplicationTests  : No active profile set, falling back to default profiles: default
2021-08-09 10:36:55.341  INFO 15131 --- [    Test worker] o.dell.kube.pages.PagesApplicationTests  : Started PagesApplicationTests in 1.177 seconds (JVM running for 2.002)
]]></system-out>
  <system-err><![CDATA[]]></system-err>
</testsuite>
